#
# A fatal error has been detected by the Java Runtime Environment:
#
#  EXCEPTION_ACCESS_VIOLATION (0xc0000005) at pc=0x0000000180005b6b, pid=10036, tid=0x000000000000431c
#
# JRE version: Java(TM) SE Runtime Environment (8.0_231-b11) (build 1.8.0_231-b11)
# Java VM: Java HotSpot(TM) 64-Bit Server VM (25.231-b11 mixed mode windows-amd64 compressed oops)
# Problematic frame:
# C  [rxtxSerial.dll+0x5b6b]
#
# Failed to write core dump. Minidumps are not enabled by default on client versions of Windows
#
# If you would like to submit a bug report, please visit:
#   http://bugreport.java.com/bugreport/crash.jsp
# The crash happened outside the Java Virtual Machine in native code.
# See problematic frame for where to report the bug.
#

---------------  T H R E A D  ---------------

Current thread (0x00000000284e7000):  JavaThread "Thread-1" [_thread_in_native, id=17180, stack(0x000000002b170000,0x000000002b270000)]

siginfo: ExceptionCode=0xc0000005, writing address 0x000000002b16ec18

Registers:
RAX=0x00000000ffffffff, RBX=0x0000000000000000, RCX=0xac6466d5b4c20000, RDX=0x0000000000000000
RSP=0x000000002b26efa0, RBP=0x00000000ffffffff, RSI=0x0000000000000005, RDI=0x0000000000000001
R8 =0x0000000000000008, R9 =0x000000002b26ef48, R10=0x0000000000000019, R11=0x0000000000000200
R12=0x000000002b16ec10, R13=0x0000000000000001, R14=0x0000000000000000, R15=0x0000000000000000
RIP=0x0000000180005b6b, EFLAGS=0x0000000000010286

Top of Stack: (sp=0x000000002b26efa0)
0x000000002b26efa0:   0000000000000000 0000000000000000
0x000000002b26efb0:   0000000000000000 0000000000000000
0x000000002b26efc0:   0000000000000000 000000002b26f100
0x000000002b26efd0:   000000002b26f2a0 0000000000000001
0x000000002b26efe0:   00000000284e71f8 0000000000000001
0x000000002b26eff0:   ffffffffffffffff 0000000180006211
0x000000002b26f000:   00000000284e6700 0000000000000001
0x000000002b26f010:   0000000000000001 00000000284e6700
0x000000002b26f020:   0000000000000001 00000000ffffffff
0x000000002b26f030:   000000002b26f0f8 00000000284e71f8
0x000000002b26f040:   000000002b26f130 0000000180006920
0x000000002b26f050:   00000000284e71f8 000000004004667f
0x000000002b26f060:   000000002b26f070 fffffffffffff8b8
0x000000002b26f070:   0000000000000000 0000a3eb6ea8993d
0x000000002b26f080:   0000000000000000 000000002b26f2a0
0x000000002b26f090:   00000000284e7000 0000000000000000 

Instructions: (pc=0x0000000180005b6b)
0x0000000180005b4b:   31 00 00 85 c0 78 33 74 06 03 d8 2b f8 eb 0a b9
0x0000000180005b5b:   e8 03 00 00 e8 1c 1c 00 00 41 3b dd 7c b7 8b c3
0x0000000180005b6b:   45 89 74 24 08 48 8b 5c 24 60 48 83 c4 20 41 5f
0x0000000180005b7b:   41 5e 41 5d 41 5c 5f 5e 5d c3 e8 1e 61 00 00 83 


Register to memory mapping:

RAX=0x00000000ffffffff is an unknown value
RBX=0x0000000000000000 is an unknown value
RCX=0xac6466d5b4c20000 is an unknown value
RDX=0x0000000000000000 is an unknown value
RSP=0x000000002b26efa0 is pointing into the stack for thread: 0x00000000284e7000
RBP=0x00000000ffffffff is an unknown value
RSI=0x0000000000000005 is an unknown value
RDI=0x0000000000000001 is an unknown value
R8 =0x0000000000000008 is an unknown value
R9 =0x000000002b26ef48 is pointing into the stack for thread: 0x00000000284e7000
R10=0x0000000000000019 is an unknown value
R11=0x0000000000000200 is an unknown value
R12=0x000000002b16ec10 is an unknown value
R13=0x0000000000000001 is an unknown value
R14=0x0000000000000000 is an unknown value
R15=0x0000000000000000 is an unknown value


Stack: [0x000000002b170000,0x000000002b270000],  sp=0x000000002b26efa0,  free space=1019k
Native frames: (J=compiled Java code, j=interpreted, Vv=VM code, C=native code)
C  [rxtxSerial.dll+0x5b6b]
C  [rxtxSerial.dll+0x6211]
C  0x00000000035e511a

Java frames: (J=compiled Java code, j=interpreted, Vv=VM code)
J 187  gnu.io.RXTXPort.readArray([BII)I (0 bytes) @ 0x00000000035e5094 [0x00000000035e5040+0x54]
J 185 C1 gnu.io.RXTXPort$SerialInputStream.read([BII)I (305 bytes) @ 0x00000000035e72c4 [0x00000000035e6940+0x984]
J 184 C1 gnu.io.RXTXPort$SerialInputStream.read([B)I (149 bytes) @ 0x00000000035e5934 [0x00000000035e5460+0x4d4]
j  com.atlas.Main$SerialReader.run()V+13
j  java.lang.Thread.run()V+11
v  ~StubRoutines::call_stub

---------------  P R O C E S S  ---------------

Java Threads: ( => current thread )
=>0x00000000284e7000 JavaThread "Thread-1" [_thread_in_native, id=17180, stack(0x000000002b170000,0x000000002b270000)]
  0x00000000283e9800 JavaThread "Service Thread" daemon [_thread_blocked, id=2564, stack(0x000000002aca0000,0x000000002ada0000)]
  0x0000000028349000 JavaThread "C1 CompilerThread11" daemon [_thread_blocked, id=6476, stack(0x000000002aba0000,0x000000002aca0000)]
  0x0000000028347000 JavaThread "C1 CompilerThread10" daemon [_thread_blocked, id=13856, stack(0x000000002aaa0000,0x000000002aba0000)]
  0x000000002834a800 JavaThread "C1 CompilerThread9" daemon [_thread_blocked, id=19620, stack(0x000000002a9a0000,0x000000002aaa0000)]
  0x0000000028346000 JavaThread "C1 CompilerThread8" daemon [_thread_blocked, id=18368, stack(0x000000002a7a0000,0x000000002a8a0000)]
  0x000000002834a000 JavaThread "C2 CompilerThread7" daemon [_thread_blocked, id=2268, stack(0x000000002a6a0000,0x000000002a7a0000)]
  0x0000000028347800 JavaThread "C2 CompilerThread6" daemon [_thread_blocked, id=5672, stack(0x000000002a5a0000,0x000000002a6a0000)]
  0x0000000028324000 JavaThread "C2 CompilerThread5" daemon [_thread_blocked, id=19908, stack(0x000000002a4a0000,0x000000002a5a0000)]
  0x0000000028313000 JavaThread "C2 CompilerThread4" daemon [_thread_blocked, id=12768, stack(0x000000002a3a0000,0x000000002a4a0000)]
  0x00000000282fe800 JavaThread "C2 CompilerThread3" daemon [_thread_blocked, id=11152, stack(0x000000002a2a0000,0x000000002a3a0000)]
  0x00000000282fb800 JavaThread "C2 CompilerThread2" daemon [_thread_blocked, id=17844, stack(0x000000002a1a0000,0x000000002a2a0000)]
  0x00000000282f9000 JavaThread "C2 CompilerThread1" daemon [_thread_blocked, id=17040, stack(0x000000002a0a0000,0x000000002a1a0000)]
  0x00000000282f6000 JavaThread "C2 CompilerThread0" daemon [_thread_blocked, id=17640, stack(0x0000000029fa0000,0x000000002a0a0000)]
  0x000000002828a800 JavaThread "Monitor Ctrl-Break" daemon [_thread_in_native, id=16836, stack(0x0000000029ea0000,0x0000000029fa0000)]
  0x0000000028242000 JavaThread "Attach Listener" daemon [_thread_blocked, id=7624, stack(0x0000000029da0000,0x0000000029ea0000)]
  0x000000002823d000 JavaThread "Signal Dispatcher" daemon [_thread_blocked, id=4312, stack(0x0000000029ca0000,0x0000000029da0000)]
  0x00000000267a4800 JavaThread "Finalizer" daemon [_thread_blocked, id=8784, stack(0x0000000029aa0000,0x0000000029ba0000)]
  0x000000002679b800 JavaThread "Reference Handler" daemon [_thread_blocked, id=18300, stack(0x00000000299a0000,0x0000000029aa0000)]
  0x00000000031c3800 JavaThread "main" [_thread_in_native, id=17716, stack(0x0000000002ea0000,0x0000000002fa0000)]

Other Threads:
  0x0000000028204000 VMThread [stack: 0x00000000298a0000,0x00000000299a0000] [id=20420]
  0x0000000028402800 WatcherThread [stack: 0x000000002ada0000,0x000000002aea0000] [id=13780]

VM state:not at safepoint (normal execution)

VM Mutex/Monitor currently owned by a thread: None

heap address: 0x00000005c2000000, size: 8160 MB, Compressed Oops mode: Zero based, Oop shift amount: 3
Narrow klass base: 0x0000000000000000, Narrow klass shift: 3
Compressed class space size: 1073741824 Address: 0x00000007c0000000

Heap:
 PSYoungGen      total 152576K, used 23594K [0x0000000716000000, 0x0000000720a00000, 0x00000007c0000000)
  eden space 131072K, 18% used [0x0000000716000000,0x000000071770a888,0x000000071e000000)
  from space 21504K, 0% used [0x000000071f500000,0x000000071f500000,0x0000000720a00000)
  to   space 21504K, 0% used [0x000000071e000000,0x000000071e000000,0x000000071f500000)
 ParOldGen       total 348160K, used 0K [0x00000005c2000000, 0x00000005d7400000, 0x0000000716000000)
  object space 348160K, 0% used [0x00000005c2000000,0x00000005c2000000,0x00000005d7400000)
 Metaspace       used 3880K, capacity 4788K, committed 4864K, reserved 1056768K
  class space    used 420K, capacity 468K, committed 512K, reserved 1048576K

Card table byte_map: [0x0000000012680000,0x0000000013680000] byte_map_base: 0x000000000f870000

Marking Bits: (ParMarkBitMap*) 0x000000006c346d90
 Begin Bits: [0x0000000014e20000, 0x000000001cda0000)
 End Bits:   [0x000000001cda0000, 0x0000000024d20000)

Polling page: 0x0000000001150000

CodeCache: size=245760Kb used=3243Kb max_used=3243Kb free=242516Kb
 bounds [0x00000000032c0000, 0x00000000035f0000, 0x00000000122c0000]
 total_blobs=458 nmethods=191 adapters=177
 compilation: enabled

Compilation events (10 events):
Event: 8.474 Thread 0x000000002834a800 nmethod 184 0x00000000035e5290 code [0x00000000035e5460, 0x00000000035e5ff8]
Event: 8.474 Thread 0x0000000028346000 nmethod 185 0x00000000035e6690 code [0x00000000035e6940, 0x00000000035e7ec8]
Event: 8.508 Thread 0x0000000028349000  188       3       java.lang.String::<init> (21 bytes)
Event: 8.508 Thread 0x0000000028347000  189   !   3       java.lang.StringCoding::decode (64 bytes)
Event: 8.508 Thread 0x0000000028349000 nmethod 188 0x00000000035e8bd0 code [0x00000000035e8d40, 0x00000000035e8f98]
Event: 8.509 Thread 0x0000000028347000 nmethod 189 0x00000000035e9090 code [0x00000000035e9300, 0x00000000035ea008]
Event: 8.576 Thread 0x000000002834a800  190       3       java.lang.ThreadLocal$ThreadLocalMap::getEntry (42 bytes)
Event: 8.576 Thread 0x000000002834a800 nmethod 190 0x00000000035ea690 code [0x00000000035ea800, 0x00000000035eab08]
Event: 8.641 Thread 0x0000000028346000  191   !   3       java.io.BufferedWriter::flushBuffer (53 bytes)
Event: 8.641 Thread 0x0000000028346000 nmethod 191 0x00000000035eac50 code [0x00000000035eae00, 0x00000000035eb3f8]

GC Heap History (0 events):
No events

Deoptimization events (0 events):
No events

Classes redefined (0 events):
No events

Internal exceptions (8 events):
Event: 0.019 Thread 0x00000000031c3800 Exception <a 'java/lang/NoSuchMethodError': Method sun.misc.Unsafe.defineClass(Ljava/lang/String;[BII)Ljava/lang/Class; name or signature does not match> (0x0000000716007cb8) thrown at [C:\re\workspace\8-2-build-windows-amd64-cygwin\jdk8u231\13620\hotspot
Event: 0.019 Thread 0x00000000031c3800 Exception <a 'java/lang/NoSuchMethodError': Method sun.misc.Unsafe.prefetchRead(Ljava/lang/Object;J)V name or signature does not match> (0x0000000716007fa0) thrown at [C:\re\workspace\8-2-build-windows-amd64-cygwin\jdk8u231\13620\hotspot\src\share\vm\prim
Event: 0.073 Thread 0x00000000031c3800 Exception <a 'java/io/FileNotFoundException'> (0x0000000716175728) thrown at [C:\re\workspace\8-2-build-windows-amd64-cygwin\jdk8u231\13620\hotspot\src\share\vm\prims\jni.cpp, line 710]
Event: 0.085 Thread 0x00000000031c3800 Exception <a 'java/io/FileNotFoundException'> (0x000000071618bf78) thrown at [C:\re\workspace\8-2-build-windows-amd64-cygwin\jdk8u231\13620\hotspot\src\share\vm\prims\jni.cpp, line 710]
Event: 1.034 Thread 0x0000000028242000 Exception <a 'java/security/PrivilegedActionException'> (0x000000071726bd78) thrown at [C:\re\workspace\8-2-build-windows-amd64-cygwin\jdk8u231\13620\hotspot\src\share\vm\prims\jvm.cpp, line 1502]
Event: 1.034 Thread 0x0000000028242000 Exception <a 'java/security/PrivilegedActionException'> (0x000000071726c170) thrown at [C:\re\workspace\8-2-build-windows-amd64-cygwin\jdk8u231\13620\hotspot\src\share\vm\prims\jvm.cpp, line 1502]
Event: 1.035 Thread 0x0000000028242000 Exception <a 'java/security/PrivilegedActionException'> (0x0000000717270268) thrown at [C:\re\workspace\8-2-build-windows-amd64-cygwin\jdk8u231\13620\hotspot\src\share\vm\prims\jvm.cpp, line 1502]
Event: 1.035 Thread 0x0000000028242000 Exception <a 'java/security/PrivilegedActionException'> (0x0000000717270660) thrown at [C:\re\workspace\8-2-build-windows-amd64-cygwin\jdk8u231\13620\hotspot\src\share\vm\prims\jvm.cpp, line 1502]

Events (10 events):
Event: 1.036 loading class sun/util/resources/en/TimeZoneNames_en
Event: 1.037 loading class sun/util/resources/en/TimeZoneNames_en done
Event: 1.037 loading class java/util/LinkedHashMap$LinkedKeySet
Event: 1.037 loading class java/util/LinkedHashMap$LinkedKeySet done
Event: 1.037 loading class sun/util/locale/provider/LocaleResources$ResourceReference
Event: 1.037 loading class sun/util/locale/provider/LocaleResources$ResourceReference done
Event: 1.096 Thread 0x00000000284e8000 Thread exited: 0x00000000284e8000
Event: 4.095 Executing VM operation: EnableBiasedLocking
Event: 4.095 Executing VM operation: EnableBiasedLocking done
Event: 28.627 Thread 0x00000000284e5800 Thread exited: 0x00000000284e5800


Dynamic libraries:
0x00007ff758f60000 - 0x00007ff758f97000 	C:\Program Files\Java\jdk1.8.0_231\bin\java.exe
0x00007fff3fa50000 - 0x00007fff3fc45000 	C:\Windows\SYSTEM32\ntdll.dll
0x00007fff3f340000 - 0x00007fff3f3fd000 	C:\Windows\System32\KERNEL32.DLL
0x00007fff3d720000 - 0x00007fff3d9e9000 	C:\Windows\System32\KERNELBASE.dll
0x00007fff3e810000 - 0x00007fff3e8bc000 	C:\Windows\System32\ADVAPI32.dll
0x00007fff3dab0000 - 0x00007fff3db4e000 	C:\Windows\System32\msvcrt.dll
0x00007fff3e8c0000 - 0x00007fff3e95b000 	C:\Windows\System32\sechost.dll
0x00007fff3db50000 - 0x00007fff3dc7a000 	C:\Windows\System32\RPCRT4.dll
0x00007fff3dc80000 - 0x00007fff3de20000 	C:\Windows\System32\USER32.dll
0x00007fff3d9f0000 - 0x00007fff3da12000 	C:\Windows\System32\win32u.dll
0x00007fff3f180000 - 0x00007fff3f1aa000 	C:\Windows\System32\GDI32.dll
0x00007fff3d330000 - 0x00007fff3d43b000 	C:\Windows\System32\gdi32full.dll
0x00007fff3d440000 - 0x00007fff3d4dd000 	C:\Windows\System32\msvcp_win.dll
0x00007fff3d620000 - 0x00007fff3d720000 	C:\Windows\System32\ucrtbase.dll
0x00007fff27fa0000 - 0x00007fff2823a000 	C:\Windows\WinSxS\amd64_microsoft.windows.common-controls_6595b64144ccf1df_6.0.19041.1110_none_60b5254171f9507e\COMCTL32.dll
0x00007fff3f530000 - 0x00007fff3f560000 	C:\Windows\System32\IMM32.DLL
0x000000006d800000 - 0x000000006d8d2000 	C:\Program Files\Java\jdk1.8.0_231\jre\bin\msvcr100.dll
0x000000006bb20000 - 0x000000006c3c6000 	C:\Program Files\Java\jdk1.8.0_231\jre\bin\server\jvm.dll
0x00007fff3f0b0000 - 0x00007fff3f0b8000 	C:\Windows\System32\PSAPI.DLL
0x00007fff34ca0000 - 0x00007fff34ca9000 	C:\Windows\SYSTEM32\WSOCK32.dll
0x00007fff36800000 - 0x00007fff3680a000 	C:\Windows\SYSTEM32\VERSION.dll
0x00007fff31d70000 - 0x00007fff31d97000 	C:\Windows\SYSTEM32\WINMM.dll
0x00007fff3df90000 - 0x00007fff3dffb000 	C:\Windows\System32\WS2_32.dll
0x00007fff35430000 - 0x00007fff3543f000 	C:\Program Files\Java\jdk1.8.0_231\jre\bin\verify.dll
0x00007fff294e0000 - 0x00007fff29509000 	C:\Program Files\Java\jdk1.8.0_231\jre\bin\java.dll
0x00007fff08a80000 - 0x00007fff08aa3000 	C:\Program Files\Java\jdk1.8.0_231\jre\bin\instrument.dll
0x00007fff08b40000 - 0x00007fff08b56000 	C:\Program Files\Java\jdk1.8.0_231\jre\bin\zip.dll
0x00007fff3e960000 - 0x00007fff3f09f000 	C:\Windows\System32\SHELL32.dll
0x00007fff3b270000 - 0x00007fff3ba00000 	C:\Windows\SYSTEM32\windows.storage.dll
0x00007fff3e130000 - 0x00007fff3e485000 	C:\Windows\System32\combase.dll
0x00007fff3cb00000 - 0x00007fff3cb2c000 	C:\Windows\SYSTEM32\Wldp.dll
0x00007fff3e640000 - 0x00007fff3e6ee000 	C:\Windows\System32\SHCORE.dll
0x00007fff3e0d0000 - 0x00007fff3e125000 	C:\Windows\System32\shlwapi.dll
0x00007fff3d0c0000 - 0x00007fff3d0df000 	C:\Windows\SYSTEM32\profapi.dll
0x00007fff09090000 - 0x00007fff090aa000 	C:\Program Files\JetBrains\IntelliJ IDEA Community Edition 2021.2\bin\breakgen64.dll
0x00007fff07f00000 - 0x00007fff07f1a000 	C:\Program Files\Java\jdk1.8.0_231\jre\bin\net.dll
0x00007fff3c8e0000 - 0x00007fff3c94a000 	C:\Windows\system32\mswsock.dll
0x0000000180000000 - 0x0000000180025000 	C:\Program Files\Java\jdk1.8.0_231\jre\bin\rxtxSerial.dll
0x00007fff23a10000 - 0x00007fff23bf4000 	C:\Windows\SYSTEM32\dbghelp.dll
0x00007fff3d590000 - 0x00007fff3d613000 	C:\Windows\System32\bcryptPrimitives.dll

VM Arguments:
jvm_args: -Djava.library.path=C:\Users\Atlas\IdeaProjects\CONFIGURATOR\lib -javaagent:C:\Program Files\JetBrains\IntelliJ IDEA Community Edition 2021.2\lib\idea_rt.jar=13377:C:\Program Files\JetBrains\IntelliJ IDEA Community Edition 2021.2\bin -Dfile.encoding=UTF-8 
java_command: com.atlas.Main
java_class_path (initial): C:\Program Files\Java\jdk1.8.0_231\jre\lib\charsets.jar;C:\Program Files\Java\jdk1.8.0_231\jre\lib\deploy.jar;C:\Program Files\Java\jdk1.8.0_231\jre\lib\ext\access-bridge-64.jar;C:\Program Files\Java\jdk1.8.0_231\jre\lib\ext\cldrdata.jar;C:\Program Files\Java\jdk1.8.0_231\jre\lib\ext\dnsns.jar;C:\Program Files\Java\jdk1.8.0_231\jre\lib\ext\jaccess.jar;C:\Program Files\Java\jdk1.8.0_231\jre\lib\ext\jfxrt.jar;C:\Program Files\Java\jdk1.8.0_231\jre\lib\ext\localedata.jar;C:\Program Files\Java\jdk1.8.0_231\jre\lib\ext\nashorn.jar;C:\Program Files\Java\jdk1.8.0_231\jre\lib\ext\sunec.jar;C:\Program Files\Java\jdk1.8.0_231\jre\lib\ext\sunjce_provider.jar;C:\Program Files\Java\jdk1.8.0_231\jre\lib\ext\sunmscapi.jar;C:\Program Files\Java\jdk1.8.0_231\jre\lib\ext\sunpkcs11.jar;C:\Program Files\Java\jdk1.8.0_231\jre\lib\ext\zipfs.jar;C:\Program Files\Java\jdk1.8.0_231\jre\lib\javaws.jar;C:\Program Files\Java\jdk1.8.0_231\jre\lib\jce.jar;C:\Program Files\Java\jdk1.8.0_231\jre\lib\jfr.jar;C:\Program Files\Java\jdk1.8.0_231\jre\lib\jfxswt.jar;C:\Program Files\Java\jdk1.8.0_231\jre\lib\jsse.jar;C:\Program Files\Java\jdk1.8.0_231\jre\lib\management-agent.jar;C:\Program Files\Java\jdk1.8.0_231\jre\lib\plugin.jar;C:\Program Files\Java\jdk1.8.0_231\jre\lib\resources.jar;C:\Program Files\Java\jdk1.8.0_231\jre\lib\rt.jar;C:\Users\Atlas\IdeaProjects\VMBase\lib\commons-configuration2-2.6;C:\Users\Atlas\IdeaProjects\VMBase\lib\commons-configuration2-2.6\commons-configuration2-2.6-sources.jar;C:\Users\Atlas\IdeaProjects\VMBase\lib\commons-configuration2-2.6\commons-configuration2-2.6.jar;C:\Program Files\Java\jdk1.8.0_231\lib\visualvm;C:\Users\Atlas\IdeaProjects\CONFIGURATOR\out\production\CONFIGURATOR;C:\Users\Atlas\IdeaProjects\CONFIGURATOR\lib\RXTXcomm.jar;C:\Program Files\JetBrains\IntelliJ IDEA Community Edition 2021.2\lib\idea_rt.jar
Launcher Type: SUN_STANDARD

Environment Variables:
JAVA_HOME=C:\Program Files\Java\jdk-12.0.1\
JRE_HOME=C:\Program Files (x86)\Java\jre1.8.0_211
CLASSPATH=%JAVA_HOME%\bin%JRE_HOME%\binC:\Users\Atlas\IdeaProjects\webapp\lib\apache-tomcat-9.0.21\lib
PATH=C:\Python39\Scripts\;C:\Python39\;C:\Program Files (x86)\Common Files\Oracle\Java\javapath;C:\Windows\system32;C:\Windows;C:\Windows\System32\Wbem;C:\Windows\System32\WindowsPowerShell\v1.0\;C:\Program Files (x86)\NVIDIA Corporation\PhysX\Common;C:\WINDOWS\system32;C:\WINDOWS;C:\WINDOWS\System32\Wbem;C:\WINDOWS\System32\WindowsPowerShell\v1.0\;C:\WINDOWS\System32\OpenSSH\;C:\Program Files\Java\jdk-11.0.2\bin;C:\Program Files\%M2_HOME%\bin;C:\Users\Atlas\AppData\Local\Programs\Python\Python37;C:\Users\Atlas\AppData\Local\Programs\Python\Python37\scripts;C:\Program Files\Git\cmd;C:\Program Files\PuTTY\;C:\WINDOWS\system32;C:\WINDOWS;C:\WINDOWS\System32\Wbem;C:\WINDOWS\System32\WindowsPowerShell\v1.0\;C:\WINDOWS\System32\OpenSSH\;C:\Program Files\nodejs\;C:\ProgramData\chocolatey\bin;;C:\Program Files\NVIDIA Corporation\NVIDIA NvDLISR;C:\Program Files\dotnet\;C:\Users\Atlas\AppData\Local\Microsoft\WindowsApps;C:\Program Files\apache-maven-3.6.0\bin;A:\Program Files (x86)\IntelliJ IDEA Community Edition 2019.3.1\bin;C:\Program Files (x86)\Nmap;C:\Users\Atlas\AppData\Local\Microsoft\WindowsApps;C:\Users\Atlas\AppData\Roaming\npm;C:\Program Files\JetBrains\IntelliJ IDEA Community Edition 2021.2\bin;;C:\Users\Atlas\.dotnet\tools
USERNAME=Atlas
OS=Windows_NT
PROCESSOR_IDENTIFIER=Intel64 Family 6 Model 167 Stepping 1, GenuineIntel



---------------  S Y S T E M  ---------------

OS: Windows 10.0 , 64 bit Build 19041 (10.0.19041.1151)

CPU:total 16 (initial active 16) (8 cores per cpu, 2 threads per core) family 6 model 167 stepping 1, cmov, cx8, fxsr, mmx, sse, sse2, sse3, ssse3, sse4.1, sse4.2, popcnt, avx, avx2, aes, clmul, erms, 3dnowpref, lzcnt, ht, tsc, tscinvbit, bmi1, bmi2, adx

Memory: 4k page, physical 33416828k(21667340k free), swap 38397564k(19520080k free)

vm_info: Java HotSpot(TM) 64-Bit Server VM (25.231-b11) for windows-amd64 JRE (1.8.0_231-b11), built on Oct  5 2019 03:11:30 by "java_re" with MS VC++ 10.0 (VS2010)

time: Mon Sep 06 15:43:57 2021
timezone: GMT Summer Time
elapsed time: 28 seconds (0d 0h 0m 28s)

