#
# A fatal error has been detected by the Java Runtime Environment:
#
#  EXCEPTION_ACCESS_VIOLATION (0xc0000005) at pc=0x0000000180005b6b, pid=13096, tid=0x00000000000044f0
#
# JRE version: Java(TM) SE Runtime Environment (8.0_231-b11) (build 1.8.0_231-b11)
# Java VM: Java HotSpot(TM) 64-Bit Server VM (25.231-b11 mixed mode windows-amd64 compressed oops)
# Problematic frame:
# C  [rxtxSerial.dll+0x5b6b]
#
# Failed to write core dump. Minidumps are not enabled by default on client versions of Windows
#
# If you would like to submit a bug report, please visit:
#   http://bugreport.java.com/bugreport/crash.jsp
# The crash happened outside the Java Virtual Machine in native code.
# See problematic frame for where to report the bug.
#

---------------  T H R E A D  ---------------

Current thread (0x0000000027ecb800):  JavaThread "Thread-1" [_thread_in_native, id=17648, stack(0x000000002ab20000,0x000000002ac20000)]

siginfo: ExceptionCode=0xc0000005, writing address 0x000000002ab1ef48

Registers:
RAX=0x00000000ffffffff, RBX=0x0000000000000000, RCX=0x55fe4d79205f0000, RDX=0x0000000000000000
RSP=0x000000002ac1f040, RBP=0x00000000ffffffff, RSI=0x0000000000000003, RDI=0x0000000000000001
R8 =0x0000000000000008, R9 =0x000000002ac1efe8, R10=0x0000000000000019, R11=0x0000000000000200
R12=0x000000002ab1ef40, R13=0x0000000000000001, R14=0x0000000000000000, R15=0x0000000000000000
RIP=0x0000000180005b6b, EFLAGS=0x0000000000010286

Top of Stack: (sp=0x000000002ac1f040)
0x000000002ac1f040:   0000000000000000 0000000000000000
0x000000002ac1f050:   0000000000000000 0000000000000000
0x000000002ac1f060:   0000000000000000 000000002ac1f1a0
0x000000002ac1f070:   000000002ac1f340 0000000000000001
0x000000002ac1f080:   0000000027ecb9f8 0000000000000001
0x000000002ac1f090:   ffffffffffffffff 0000000180006211
0x000000002ac1f0a0:   0000000027f0a350 0000000000000001
0x000000002ac1f0b0:   0000000000000001 0000000027f0a350
0x000000002ac1f0c0:   0000000000000001 00000000ffffffff
0x000000002ac1f0d0:   000000002ac1f198 0000000027ecb9f8
0x000000002ac1f0e0:   000000002ac1f1d0 0000000180006920
0x000000002ac1f0f0:   0000000027ecb9f8 000000004004667f
0x000000002ac1f100:   000000002ac1f110 fffffffffffff8b8
0x000000002ac1f110:   0000000000000000 0000a3ebef5cf6d6
0x000000002ac1f120:   0000000000000000 000000002ac1f340
0x000000002ac1f130:   0000000027ecb800 0000000000000000 

Instructions: (pc=0x0000000180005b6b)
0x0000000180005b4b:   31 00 00 85 c0 78 33 74 06 03 d8 2b f8 eb 0a b9
0x0000000180005b5b:   e8 03 00 00 e8 1c 1c 00 00 41 3b dd 7c b7 8b c3
0x0000000180005b6b:   45 89 74 24 08 48 8b 5c 24 60 48 83 c4 20 41 5f
0x0000000180005b7b:   41 5e 41 5d 41 5c 5f 5e 5d c3 e8 1e 61 00 00 83 


Register to memory mapping:

RAX=0x00000000ffffffff is an unknown value
RBX=0x0000000000000000 is an unknown value
RCX=0x55fe4d79205f0000 is an unknown value
RDX=0x0000000000000000 is an unknown value
RSP=0x000000002ac1f040 is pointing into the stack for thread: 0x0000000027ecb800
RBP=0x00000000ffffffff is an unknown value
RSI=0x0000000000000003 is an unknown value
RDI=0x0000000000000001 is an unknown value
R8 =0x0000000000000008 is an unknown value
R9 =0x000000002ac1efe8 is pointing into the stack for thread: 0x0000000027ecb800
R10=0x0000000000000019 is an unknown value
R11=0x0000000000000200 is an unknown value
R12=0x000000002ab1ef40 is an unknown value
R13=0x0000000000000001 is an unknown value
R14=0x0000000000000000 is an unknown value
R15=0x0000000000000000 is an unknown value


Stack: [0x000000002ab20000,0x000000002ac20000],  sp=0x000000002ac1f040,  free space=1020k
Native frames: (J=compiled Java code, j=interpreted, Vv=VM code, C=native code)
C  [rxtxSerial.dll+0x5b6b]
C  [rxtxSerial.dll+0x6211]
C  0x0000000002fc441a

Java frames: (J=compiled Java code, j=interpreted, Vv=VM code)
J 185  gnu.io.RXTXPort.readArray([BII)I (0 bytes) @ 0x0000000002fc4394 [0x0000000002fc4340+0x54]
J 183 C1 gnu.io.RXTXPort$SerialInputStream.read([BII)I (305 bytes) @ 0x0000000002fc65c4 [0x0000000002fc5c40+0x984]
J 182 C1 gnu.io.RXTXPort$SerialInputStream.read([B)I (149 bytes) @ 0x0000000002fc4c34 [0x0000000002fc4760+0x4d4]
j  com.atlas.Main$SerialReader.run()V+13
j  java.lang.Thread.run()V+11
v  ~StubRoutines::call_stub

---------------  P R O C E S S  ---------------

Java Threads: ( => current thread )
=>0x0000000027ecb800 JavaThread "Thread-1" [_thread_in_native, id=17648, stack(0x000000002ab20000,0x000000002ac20000)]
  0x0000000027dc4000 JavaThread "Service Thread" daemon [_thread_blocked, id=13928, stack(0x000000002a670000,0x000000002a770000)]
  0x0000000027d5d800 JavaThread "C1 CompilerThread11" daemon [_thread_blocked, id=19708, stack(0x000000002a570000,0x000000002a670000)]
  0x0000000027d5e000 JavaThread "C1 CompilerThread10" daemon [_thread_blocked, id=13988, stack(0x000000002a470000,0x000000002a570000)]
  0x0000000027d5f000 JavaThread "C1 CompilerThread9" daemon [_thread_blocked, id=18316, stack(0x000000002a370000,0x000000002a470000)]
  0x0000000027d62800 JavaThread "C1 CompilerThread8" daemon [_thread_blocked, id=2220, stack(0x000000002a170000,0x000000002a270000)]
  0x0000000027d3b800 JavaThread "C2 CompilerThread7" daemon [_thread_blocked, id=19176, stack(0x000000002a070000,0x000000002a170000)]
  0x0000000027d1f000 JavaThread "C2 CompilerThread6" daemon [_thread_blocked, id=15052, stack(0x0000000029f70000,0x000000002a070000)]
  0x0000000027d02000 JavaThread "C2 CompilerThread5" daemon [_thread_blocked, id=19508, stack(0x0000000029e70000,0x0000000029f70000)]
  0x0000000027cf9800 JavaThread "C2 CompilerThread4" daemon [_thread_blocked, id=6884, stack(0x0000000029d70000,0x0000000029e70000)]
  0x0000000027cec800 JavaThread "C2 CompilerThread3" daemon [_thread_blocked, id=17368, stack(0x0000000029c70000,0x0000000029d70000)]
  0x0000000027ce4000 JavaThread "C2 CompilerThread2" daemon [_thread_blocked, id=10228, stack(0x0000000029b70000,0x0000000029c70000)]
  0x0000000027cdf800 JavaThread "C2 CompilerThread1" daemon [_thread_blocked, id=13740, stack(0x0000000029a70000,0x0000000029b70000)]
  0x0000000027cdd000 JavaThread "C2 CompilerThread0" daemon [_thread_blocked, id=9152, stack(0x0000000029970000,0x0000000029a70000)]
  0x0000000027cda800 JavaThread "Monitor Ctrl-Break" daemon [_thread_in_native, id=11320, stack(0x0000000029870000,0x0000000029970000)]
  0x0000000027c22000 JavaThread "Attach Listener" daemon [_thread_blocked, id=6308, stack(0x0000000029770000,0x0000000029870000)]
  0x0000000027c1d000 JavaThread "Signal Dispatcher" daemon [_thread_blocked, id=12180, stack(0x0000000029670000,0x0000000029770000)]
  0x0000000026184800 JavaThread "Finalizer" daemon [_thread_blocked, id=7764, stack(0x0000000029470000,0x0000000029570000)]
  0x000000002617b800 JavaThread "Reference Handler" daemon [_thread_blocked, id=9264, stack(0x0000000029370000,0x0000000029470000)]
  0x0000000002ba3800 JavaThread "main" [_thread_in_native, id=4384, stack(0x00000000028a0000,0x00000000029a0000)]

Other Threads:
  0x0000000027be4000 VMThread [stack: 0x0000000029270000,0x0000000029370000] [id=13612]
  0x0000000027dc6800 WatcherThread [stack: 0x000000002a770000,0x000000002a870000] [id=16740]

VM state:not at safepoint (normal execution)

VM Mutex/Monitor currently owned by a thread: None

heap address: 0x00000005c2000000, size: 8160 MB, Compressed Oops mode: Zero based, Oop shift amount: 3
Narrow klass base: 0x0000000000000000, Narrow klass shift: 3
Compressed class space size: 1073741824 Address: 0x00000007c0000000

Heap:
 PSYoungGen      total 152576K, used 23594K [0x0000000716000000, 0x0000000720a00000, 0x00000007c0000000)
  eden space 131072K, 18% used [0x0000000716000000,0x000000071770a888,0x000000071e000000)
  from space 21504K, 0% used [0x000000071f500000,0x000000071f500000,0x0000000720a00000)
  to   space 21504K, 0% used [0x000000071e000000,0x000000071e000000,0x000000071f500000)
 ParOldGen       total 348160K, used 0K [0x00000005c2000000, 0x00000005d7400000, 0x0000000716000000)
  object space 348160K, 0% used [0x00000005c2000000,0x00000005c2000000,0x00000005d7400000)
 Metaspace       used 3880K, capacity 4788K, committed 4864K, reserved 1056768K
  class space    used 420K, capacity 468K, committed 512K, reserved 1048576K

Card table byte_map: [0x0000000012060000,0x0000000013060000] byte_map_base: 0x000000000f250000

Marking Bits: (ParMarkBitMap*) 0x000000006c346d90
 Begin Bits: [0x0000000014800000, 0x000000001c780000)
 End Bits:   [0x000000001c780000, 0x0000000024700000)

Polling page: 0x00000000027c0000

CodeCache: size=245760Kb used=3242Kb max_used=3242Kb free=242518Kb
 bounds [0x0000000002ca0000, 0x0000000002fd0000, 0x0000000011ca0000]
 total_blobs=456 nmethods=189 adapters=177
 compilation: enabled

Compilation events (10 events):
Event: 8.312 Thread 0x0000000027d5d800 nmethod 182 0x0000000002fc4590 code [0x0000000002fc4760, 0x0000000002fc52f8]
Event: 8.313 Thread 0x0000000027d5e000 nmethod 183 0x0000000002fc5990 code [0x0000000002fc5c40, 0x0000000002fc71c8]
Event: 8.346 Thread 0x0000000027d5f000  186       3       java.lang.String::<init> (21 bytes)
Event: 8.346 Thread 0x0000000027d62800  187   !   3       java.lang.StringCoding::decode (64 bytes)
Event: 8.346 Thread 0x0000000027d5f000 nmethod 186 0x0000000002fc7ed0 code [0x0000000002fc8040, 0x0000000002fc8298]
Event: 8.346 Thread 0x0000000027d62800 nmethod 187 0x0000000002fc8390 code [0x0000000002fc8600, 0x0000000002fc9308]
Event: 8.413 Thread 0x0000000027d5d800  188       3       java.lang.ThreadLocal$ThreadLocalMap::getEntry (42 bytes)
Event: 8.413 Thread 0x0000000027d5d800 nmethod 188 0x0000000002fc9990 code [0x0000000002fc9b00, 0x0000000002fc9e08]
Event: 8.481 Thread 0x0000000027d5e000  189   !   3       java.io.BufferedWriter::flushBuffer (53 bytes)
Event: 8.481 Thread 0x0000000027d5e000 nmethod 189 0x0000000002fc9f50 code [0x0000000002fca100, 0x0000000002fca6f8]

GC Heap History (0 events):
No events

Deoptimization events (0 events):
No events

Classes redefined (0 events):
No events

Internal exceptions (8 events):
Event: 0.021 Thread 0x0000000002ba3800 Exception <a 'java/lang/NoSuchMethodError': Method sun.misc.Unsafe.defineClass(Ljava/lang/String;[BII)Ljava/lang/Class; name or signature does not match> (0x0000000716007cb8) thrown at [C:\re\workspace\8-2-build-windows-amd64-cygwin\jdk8u231\13620\hotspot
Event: 0.021 Thread 0x0000000002ba3800 Exception <a 'java/lang/NoSuchMethodError': Method sun.misc.Unsafe.prefetchRead(Ljava/lang/Object;J)V name or signature does not match> (0x0000000716007fa0) thrown at [C:\re\workspace\8-2-build-windows-amd64-cygwin\jdk8u231\13620\hotspot\src\share\vm\prim
Event: 0.074 Thread 0x0000000002ba3800 Exception <a 'java/io/FileNotFoundException'> (0x0000000716175728) thrown at [C:\re\workspace\8-2-build-windows-amd64-cygwin\jdk8u231\13620\hotspot\src\share\vm\prims\jni.cpp, line 710]
Event: 0.086 Thread 0x0000000002ba3800 Exception <a 'java/io/FileNotFoundException'> (0x000000071618bf78) thrown at [C:\re\workspace\8-2-build-windows-amd64-cygwin\jdk8u231\13620\hotspot\src\share\vm\prims\jni.cpp, line 710]
Event: 1.024 Thread 0x0000000027c22000 Exception <a 'java/security/PrivilegedActionException'> (0x000000071726bd78) thrown at [C:\re\workspace\8-2-build-windows-amd64-cygwin\jdk8u231\13620\hotspot\src\share\vm\prims\jvm.cpp, line 1502]
Event: 1.024 Thread 0x0000000027c22000 Exception <a 'java/security/PrivilegedActionException'> (0x000000071726c170) thrown at [C:\re\workspace\8-2-build-windows-amd64-cygwin\jdk8u231\13620\hotspot\src\share\vm\prims\jvm.cpp, line 1502]
Event: 1.025 Thread 0x0000000027c22000 Exception <a 'java/security/PrivilegedActionException'> (0x0000000717270268) thrown at [C:\re\workspace\8-2-build-windows-amd64-cygwin\jdk8u231\13620\hotspot\src\share\vm\prims\jvm.cpp, line 1502]
Event: 1.025 Thread 0x0000000027c22000 Exception <a 'java/security/PrivilegedActionException'> (0x0000000717270660) thrown at [C:\re\workspace\8-2-build-windows-amd64-cygwin\jdk8u231\13620\hotspot\src\share\vm\prims\jvm.cpp, line 1502]

Events (10 events):
Event: 1.026 loading class sun/util/resources/en/TimeZoneNames_en
Event: 1.026 loading class sun/util/resources/en/TimeZoneNames_en done
Event: 1.027 loading class java/util/LinkedHashMap$LinkedKeySet
Event: 1.027 loading class java/util/LinkedHashMap$LinkedKeySet done
Event: 1.027 loading class sun/util/locale/provider/LocaleResources$ResourceReference
Event: 1.027 loading class sun/util/locale/provider/LocaleResources$ResourceReference done
Event: 1.098 Thread 0x0000000027ecc000 Thread exited: 0x0000000027ecc000
Event: 4.106 Executing VM operation: EnableBiasedLocking
Event: 4.106 Executing VM operation: EnableBiasedLocking done
Event: 23.615 Thread 0x0000000027eca800 Thread exited: 0x0000000027eca800


Dynamic libraries:
0x00007ff758f60000 - 0x00007ff758f97000 	C:\Program Files\Java\jdk1.8.0_231\bin\java.exe
0x00007fff3fa50000 - 0x00007fff3fc45000 	C:\Windows\SYSTEM32\ntdll.dll
0x00007fff3f340000 - 0x00007fff3f3fd000 	C:\Windows\System32\KERNEL32.DLL
0x00007fff3d720000 - 0x00007fff3d9e9000 	C:\Windows\System32\KERNELBASE.dll
0x00007fff3e810000 - 0x00007fff3e8bc000 	C:\Windows\System32\ADVAPI32.dll
0x00007fff3dab0000 - 0x00007fff3db4e000 	C:\Windows\System32\msvcrt.dll
0x00007fff3e8c0000 - 0x00007fff3e95b000 	C:\Windows\System32\sechost.dll
0x00007fff3db50000 - 0x00007fff3dc7a000 	C:\Windows\System32\RPCRT4.dll
0x00007fff3dc80000 - 0x00007fff3de20000 	C:\Windows\System32\USER32.dll
0x00007fff3d9f0000 - 0x00007fff3da12000 	C:\Windows\System32\win32u.dll
0x00007fff3f180000 - 0x00007fff3f1aa000 	C:\Windows\System32\GDI32.dll
0x00007fff3d330000 - 0x00007fff3d43b000 	C:\Windows\System32\gdi32full.dll
0x00007fff3d440000 - 0x00007fff3d4dd000 	C:\Windows\System32\msvcp_win.dll
0x00007fff3d620000 - 0x00007fff3d720000 	C:\Windows\System32\ucrtbase.dll
0x00007fff27fa0000 - 0x00007fff2823a000 	C:\Windows\WinSxS\amd64_microsoft.windows.common-controls_6595b64144ccf1df_6.0.19041.1110_none_60b5254171f9507e\COMCTL32.dll
0x00007fff3f530000 - 0x00007fff3f560000 	C:\Windows\System32\IMM32.DLL
0x000000006d800000 - 0x000000006d8d2000 	C:\Program Files\Java\jdk1.8.0_231\jre\bin\msvcr100.dll
0x000000006bb20000 - 0x000000006c3c6000 	C:\Program Files\Java\jdk1.8.0_231\jre\bin\server\jvm.dll
0x00007fff3f0b0000 - 0x00007fff3f0b8000 	C:\Windows\System32\PSAPI.DLL
0x00007fff34ca0000 - 0x00007fff34ca9000 	C:\Windows\SYSTEM32\WSOCK32.dll
0x00007fff31d70000 - 0x00007fff31d97000 	C:\Windows\SYSTEM32\WINMM.dll
0x00007fff36800000 - 0x00007fff3680a000 	C:\Windows\SYSTEM32\VERSION.dll
0x00007fff3df90000 - 0x00007fff3dffb000 	C:\Windows\System32\WS2_32.dll
0x00007fff35430000 - 0x00007fff3543f000 	C:\Program Files\Java\jdk1.8.0_231\jre\bin\verify.dll
0x00007fff294e0000 - 0x00007fff29509000 	C:\Program Files\Java\jdk1.8.0_231\jre\bin\java.dll
0x00007fff08a80000 - 0x00007fff08aa3000 	C:\Program Files\Java\jdk1.8.0_231\jre\bin\instrument.dll
0x00007fff08b40000 - 0x00007fff08b56000 	C:\Program Files\Java\jdk1.8.0_231\jre\bin\zip.dll
0x00007fff3e960000 - 0x00007fff3f09f000 	C:\Windows\System32\SHELL32.dll
0x00007fff3b270000 - 0x00007fff3ba00000 	C:\Windows\SYSTEM32\windows.storage.dll
0x00007fff3e130000 - 0x00007fff3e485000 	C:\Windows\System32\combase.dll
0x00007fff3cb00000 - 0x00007fff3cb2c000 	C:\Windows\SYSTEM32\Wldp.dll
0x00007fff3e640000 - 0x00007fff3e6ee000 	C:\Windows\System32\SHCORE.dll
0x00007fff3e0d0000 - 0x00007fff3e125000 	C:\Windows\System32\shlwapi.dll
0x00007fff3d0c0000 - 0x00007fff3d0df000 	C:\Windows\SYSTEM32\profapi.dll
0x00007fff09090000 - 0x00007fff090aa000 	C:\Program Files\JetBrains\IntelliJ IDEA Community Edition 2021.2\bin\breakgen64.dll
0x00007fff07f00000 - 0x00007fff07f1a000 	C:\Program Files\Java\jdk1.8.0_231\jre\bin\net.dll
0x00007fff3c8e0000 - 0x00007fff3c94a000 	C:\Windows\system32\mswsock.dll
0x0000000180000000 - 0x0000000180025000 	C:\Program Files\Java\jdk1.8.0_231\jre\bin\rxtxSerial.dll
0x00007fff23a10000 - 0x00007fff23bf4000 	C:\Windows\SYSTEM32\dbghelp.dll
0x00007fff3d590000 - 0x00007fff3d613000 	C:\Windows\System32\bcryptPrimitives.dll

VM Arguments:
jvm_args: -Djava.library.path=C:\Users\Atlas\IdeaProjects\CONFIGURATOR\lib -javaagent:C:\Program Files\JetBrains\IntelliJ IDEA Community Edition 2021.2\lib\idea_rt.jar=13372:C:\Program Files\JetBrains\IntelliJ IDEA Community Edition 2021.2\bin -Dfile.encoding=UTF-8 
java_command: com.atlas.Main
java_class_path (initial): C:\Program Files\Java\jdk1.8.0_231\jre\lib\charsets.jar;C:\Program Files\Java\jdk1.8.0_231\jre\lib\deploy.jar;C:\Program Files\Java\jdk1.8.0_231\jre\lib\ext\access-bridge-64.jar;C:\Program Files\Java\jdk1.8.0_231\jre\lib\ext\cldrdata.jar;C:\Program Files\Java\jdk1.8.0_231\jre\lib\ext\dnsns.jar;C:\Program Files\Java\jdk1.8.0_231\jre\lib\ext\jaccess.jar;C:\Program Files\Java\jdk1.8.0_231\jre\lib\ext\jfxrt.jar;C:\Program Files\Java\jdk1.8.0_231\jre\lib\ext\localedata.jar;C:\Program Files\Java\jdk1.8.0_231\jre\lib\ext\nashorn.jar;C:\Program Files\Java\jdk1.8.0_231\jre\lib\ext\sunec.jar;C:\Program Files\Java\jdk1.8.0_231\jre\lib\ext\sunjce_provider.jar;C:\Program Files\Java\jdk1.8.0_231\jre\lib\ext\sunmscapi.jar;C:\Program Files\Java\jdk1.8.0_231\jre\lib\ext\sunpkcs11.jar;C:\Program Files\Java\jdk1.8.0_231\jre\lib\ext\zipfs.jar;C:\Program Files\Java\jdk1.8.0_231\jre\lib\javaws.jar;C:\Program Files\Java\jdk1.8.0_231\jre\lib\jce.jar;C:\Program Files\Java\jdk1.8.0_231\jre\lib\jfr.jar;C:\Program Files\Java\jdk1.8.0_231\jre\lib\jfxswt.jar;C:\Program Files\Java\jdk1.8.0_231\jre\lib\jsse.jar;C:\Program Files\Java\jdk1.8.0_231\jre\lib\management-agent.jar;C:\Program Files\Java\jdk1.8.0_231\jre\lib\plugin.jar;C:\Program Files\Java\jdk1.8.0_231\jre\lib\resources.jar;C:\Program Files\Java\jdk1.8.0_231\jre\lib\rt.jar;C:\Users\Atlas\IdeaProjects\VMBase\lib\commons-configuration2-2.6;C:\Users\Atlas\IdeaProjects\VMBase\lib\commons-configuration2-2.6\commons-configuration2-2.6-sources.jar;C:\Users\Atlas\IdeaProjects\VMBase\lib\commons-configuration2-2.6\commons-configuration2-2.6.jar;C:\Program Files\Java\jdk1.8.0_231\lib\visualvm;C:\Users\Atlas\IdeaProjects\CONFIGURATOR\out\production\CONFIGURATOR;C:\Users\Atlas\IdeaProjects\CONFIGURATOR\lib\RXTXcomm.jar;C:\Program Files\JetBrains\IntelliJ IDEA Community Edition 2021.2\lib\idea_rt.jar
Launcher Type: SUN_STANDARD

Environment Variables:
JAVA_HOME=C:\Program Files\Java\jdk-12.0.1\
JRE_HOME=C:\Program Files (x86)\Java\jre1.8.0_211
CLASSPATH=%JAVA_HOME%\bin%JRE_HOME%\binC:\Users\Atlas\IdeaProjects\webapp\lib\apache-tomcat-9.0.21\lib
PATH=C:\Python39\Scripts\;C:\Python39\;C:\Program Files (x86)\Common Files\Oracle\Java\javapath;C:\Windows\system32;C:\Windows;C:\Windows\System32\Wbem;C:\Windows\System32\WindowsPowerShell\v1.0\;C:\Program Files (x86)\NVIDIA Corporation\PhysX\Common;C:\WINDOWS\system32;C:\WINDOWS;C:\WINDOWS\System32\Wbem;C:\WINDOWS\System32\WindowsPowerShell\v1.0\;C:\WINDOWS\System32\OpenSSH\;C:\Program Files\Java\jdk-11.0.2\bin;C:\Program Files\%M2_HOME%\bin;C:\Users\Atlas\AppData\Local\Programs\Python\Python37;C:\Users\Atlas\AppData\Local\Programs\Python\Python37\scripts;C:\Program Files\Git\cmd;C:\Program Files\PuTTY\;C:\WINDOWS\system32;C:\WINDOWS;C:\WINDOWS\System32\Wbem;C:\WINDOWS\System32\WindowsPowerShell\v1.0\;C:\WINDOWS\System32\OpenSSH\;C:\Program Files\nodejs\;C:\ProgramData\chocolatey\bin;;C:\Program Files\NVIDIA Corporation\NVIDIA NvDLISR;C:\Program Files\dotnet\;C:\Users\Atlas\AppData\Local\Microsoft\WindowsApps;C:\Program Files\apache-maven-3.6.0\bin;A:\Program Files (x86)\IntelliJ IDEA Community Edition 2019.3.1\bin;C:\Program Files (x86)\Nmap;C:\Users\Atlas\AppData\Local\Microsoft\WindowsApps;C:\Users\Atlas\AppData\Roaming\npm;C:\Program Files\JetBrains\IntelliJ IDEA Community Edition 2021.2\bin;;C:\Users\Atlas\.dotnet\tools
USERNAME=Atlas
OS=Windows_NT
PROCESSOR_IDENTIFIER=Intel64 Family 6 Model 167 Stepping 1, GenuineIntel



---------------  S Y S T E M  ---------------

OS: Windows 10.0 , 64 bit Build 19041 (10.0.19041.1151)

CPU:total 16 (initial active 16) (8 cores per cpu, 2 threads per core) family 6 model 167 stepping 1, cmov, cx8, fxsr, mmx, sse, sse2, sse3, ssse3, sse4.1, sse4.2, popcnt, avx, avx2, aes, clmul, erms, 3dnowpref, lzcnt, ht, tsc, tscinvbit, bmi1, bmi2, adx

Memory: 4k page, physical 33416828k(21755320k free), swap 38397564k(19612308k free)

vm_info: Java HotSpot(TM) 64-Bit Server VM (25.231-b11) for windows-amd64 JRE (1.8.0_231-b11), built on Oct  5 2019 03:11:30 by "java_re" with MS VC++ 10.0 (VS2010)

time: Mon Sep 06 15:42:44 2021
timezone: GMT Summer Time
elapsed time: 23 seconds (0d 0h 0m 23s)

