#
# A fatal error has been detected by the Java Runtime Environment:
#
#  EXCEPTION_ACCESS_VIOLATION (0xc0000005) at pc=0x0000000180005b6b, pid=20072, tid=0x0000000000004058
#
# JRE version: Java(TM) SE Runtime Environment (8.0_231-b11) (build 1.8.0_231-b11)
# Java VM: Java HotSpot(TM) 64-Bit Server VM (25.231-b11 mixed mode windows-amd64 compressed oops)
# Problematic frame:
# C  [rxtxSerial.dll+0x5b6b]
#
# Failed to write core dump. Minidumps are not enabled by default on client versions of Windows
#
# If you would like to submit a bug report, please visit:
#   http://bugreport.java.com/bugreport/crash.jsp
# The crash happened outside the Java Virtual Machine in native code.
# See problematic frame for where to report the bug.
#

---------------  T H R E A D  ---------------

Current thread (0x00000000278c5000):  JavaThread "Thread-1" [_thread_in_native, id=16472, stack(0x000000002a590000,0x000000002a690000)]

siginfo: ExceptionCode=0xc0000005, writing address 0x000000002a40f028

Registers:
RAX=0x00000000ffffffff, RBX=0x0000000000000000, RCX=0x74c9daf388780000, RDX=0x0000000000000000
RSP=0x000000002a68ec30, RBP=0x00000000ffffffff, RSI=0x0000000000000004, RDI=0x0000000000000001
R8 =0x0000000000000008, R9 =0x000000002a68ebd8, R10=0x0000000000000019, R11=0x0000000000000200
R12=0x000000002a40f020, R13=0x0000000000000001, R14=0x0000000000000000, R15=0x0000000000000000
RIP=0x0000000180005b6b, EFLAGS=0x0000000000010286

Top of Stack: (sp=0x000000002a68ec30)
0x000000002a68ec30:   0000000000000000 0000000000000000
0x000000002a68ec40:   0000000000000000 0000000000000000
0x000000002a68ec50:   0000000000000000 000000002a68ee18
0x000000002a68ec60:   00000000255fef18 0000000000000001
0x000000002a68ec70:   00000000278c51f8 0000000000000001
0x000000002a68ec80:   ffffffffffffffff 0000000180006211
0x000000002a68ec90:   000000002792cf70 0000000000000001
0x000000002a68eca0:   0000000000000001 000000002792cf70
0x000000002a68ecb0:   0000000000000001 0000000affffffff
0x000000002a68ecc0:   000000002a68ee20 00000000278c5000
0x000000002a68ecd0:   00000000278c5000 0000000000000000
0x000000002a68ece0:   0000a3eeeeed918b 000000006bc5eeb5
0x000000002a68ecf0:   000000002a68ee30 0000000000000001
0x000000002a68ed00:   0000000000000000 0000a3eeeeed96fb
0x000000002a68ed10:   000000002a68ee10 00000000255fef18
0x000000002a68ed20:   00000000278c5000 000000002a68ee20 

Instructions: (pc=0x0000000180005b6b)
0x0000000180005b4b:   31 00 00 85 c0 78 33 74 06 03 d8 2b f8 eb 0a b9
0x0000000180005b5b:   e8 03 00 00 e8 1c 1c 00 00 41 3b dd 7c b7 8b c3
0x0000000180005b6b:   45 89 74 24 08 48 8b 5c 24 60 48 83 c4 20 41 5f
0x0000000180005b7b:   41 5e 41 5d 41 5c 5f 5e 5d c3 e8 1e 61 00 00 83 


Register to memory mapping:

RAX=0x00000000ffffffff is an unknown value
RBX=0x0000000000000000 is an unknown value
RCX=0x74c9daf388780000 is an unknown value
RDX=0x0000000000000000 is an unknown value
RSP=0x000000002a68ec30 is pointing into the stack for thread: 0x00000000278c5000
RBP=0x00000000ffffffff is an unknown value
RSI=0x0000000000000004 is an unknown value
RDI=0x0000000000000001 is an unknown value
R8 =0x0000000000000008 is an unknown value
R9 =0x000000002a68ebd8 is pointing into the stack for thread: 0x00000000278c5000
R10=0x0000000000000019 is an unknown value
R11=0x0000000000000200 is an unknown value
R12=0x000000002a40f020 is an unknown value
R13=0x0000000000000001 is an unknown value
R14=0x0000000000000000 is an unknown value
R15=0x0000000000000000 is an unknown value


Stack: [0x000000002a590000,0x000000002a690000],  sp=0x000000002a68ec30,  free space=1019k
Native frames: (J=compiled Java code, j=interpreted, Vv=VM code, C=native code)
C  [rxtxSerial.dll+0x5b6b]
C  [rxtxSerial.dll+0x6211]
C  0x00000000027b8c67

Java frames: (J=compiled Java code, j=interpreted, Vv=VM code)
j  gnu.io.RXTXPort.readArray([BII)I+0
j  gnu.io.RXTXPort$SerialInputStream.read([BII)I+212
j  gnu.io.RXTXPort$SerialInputStream.read([B)I+60
j  com.atlas.Main$SerialReader.run()V+13
j  java.lang.Thread.run()V+11
v  ~StubRoutines::call_stub

---------------  P R O C E S S  ---------------

Java Threads: ( => current thread )
  0x00000000026a3800 JavaThread "DestroyJavaVM" [_thread_blocked, id=16868, stack(0x0000000002310000,0x0000000002410000)]
  0x0000000027904800 JavaThread "Thread-2" [_thread_blocked, id=13468, stack(0x000000002a690000,0x000000002a790000)]
=>0x00000000278c5000 JavaThread "Thread-1" [_thread_in_native, id=16472, stack(0x000000002a590000,0x000000002a690000)]
  0x00000000277c8000 JavaThread "Service Thread" daemon [_thread_blocked, id=2444, stack(0x000000002a0a0000,0x000000002a1a0000)]
  0x0000000027728800 JavaThread "C1 CompilerThread11" daemon [_thread_blocked, id=18368, stack(0x0000000029ea0000,0x0000000029fa0000)]
  0x0000000027728000 JavaThread "C1 CompilerThread10" daemon [_thread_blocked, id=7904, stack(0x0000000029da0000,0x0000000029ea0000)]
  0x0000000027726800 JavaThread "C1 CompilerThread9" daemon [_thread_blocked, id=14888, stack(0x0000000029ca0000,0x0000000029da0000)]
  0x0000000027727000 JavaThread "C1 CompilerThread8" daemon [_thread_blocked, id=3244, stack(0x0000000029ba0000,0x0000000029ca0000)]
  0x0000000027729800 JavaThread "C2 CompilerThread7" daemon [_thread_blocked, id=12688, stack(0x0000000029aa0000,0x0000000029ba0000)]
  0x0000000027725800 JavaThread "C2 CompilerThread6" daemon [_thread_blocked, id=20272, stack(0x00000000299a0000,0x0000000029aa0000)]
  0x000000002771b000 JavaThread "C2 CompilerThread5" daemon [_thread_blocked, id=9384, stack(0x00000000298a0000,0x00000000299a0000)]
  0x000000002770e000 JavaThread "C2 CompilerThread4" daemon [_thread_blocked, id=4732, stack(0x00000000297a0000,0x00000000298a0000)]
  0x000000002770d800 JavaThread "C2 CompilerThread3" daemon [_thread_blocked, id=14452, stack(0x00000000296a0000,0x00000000297a0000)]
  0x000000002770c800 JavaThread "C2 CompilerThread2" daemon [_thread_blocked, id=8424, stack(0x00000000295a0000,0x00000000296a0000)]
  0x0000000027709000 JavaThread "C2 CompilerThread1" daemon [_thread_blocked, id=8336, stack(0x00000000294a0000,0x00000000295a0000)]
  0x0000000027706000 JavaThread "C2 CompilerThread0" daemon [_thread_blocked, id=7764, stack(0x00000000293a0000,0x00000000294a0000)]
  0x000000002769a800 JavaThread "Monitor Ctrl-Break" daemon [_thread_in_native, id=1912, stack(0x00000000292a0000,0x00000000293a0000)]
  0x0000000027652000 JavaThread "Attach Listener" daemon [_thread_blocked, id=16924, stack(0x00000000291a0000,0x00000000292a0000)]
  0x000000002764d000 JavaThread "Signal Dispatcher" daemon [_thread_blocked, id=4816, stack(0x00000000290a0000,0x00000000291a0000)]
  0x0000000025be4800 JavaThread "Finalizer" daemon [_thread_blocked, id=2664, stack(0x0000000028ea0000,0x0000000028fa0000)]
  0x0000000025bdb800 JavaThread "Reference Handler" daemon [_thread_blocked, id=5912, stack(0x0000000028da0000,0x0000000028ea0000)]

Other Threads:
  0x0000000027614000 VMThread [stack: 0x0000000028ca0000,0x0000000028da0000] [id=19644]
  0x00000000277cb000 WatcherThread [stack: 0x000000002a1a0000,0x000000002a2a0000] [id=7300]

VM state:not at safepoint (normal execution)

VM Mutex/Monitor currently owned by a thread: None

heap address: 0x00000005c2000000, size: 8160 MB, Compressed Oops mode: Zero based, Oop shift amount: 3
Narrow klass base: 0x0000000000000000, Narrow klass shift: 3
Compressed class space size: 1073741824 Address: 0x00000007c0000000

Heap:
 PSYoungGen      total 152576K, used 26215K [0x0000000716000000, 0x0000000720a00000, 0x00000007c0000000)
  eden space 131072K, 20% used [0x0000000716000000,0x0000000717999fc0,0x000000071e000000)
  from space 21504K, 0% used [0x000000071f500000,0x000000071f500000,0x0000000720a00000)
  to   space 21504K, 0% used [0x000000071e000000,0x000000071e000000,0x000000071f500000)
 ParOldGen       total 348160K, used 0K [0x00000005c2000000, 0x00000005d7400000, 0x0000000716000000)
  object space 348160K, 0% used [0x00000005c2000000,0x00000005c2000000,0x00000005d7400000)
 Metaspace       used 3854K, capacity 4788K, committed 4864K, reserved 1056768K
  class space    used 420K, capacity 468K, committed 512K, reserved 1048576K

Card table byte_map: [0x0000000011b60000,0x0000000012b60000] byte_map_base: 0x000000000ed50000

Marking Bits: (ParMarkBitMap*) 0x000000006c346d90
 Begin Bits: [0x0000000014300000, 0x000000001c280000)
 End Bits:   [0x000000001c280000, 0x0000000024200000)

Polling page: 0x0000000000a10000

CodeCache: size=245760Kb used=3168Kb max_used=3168Kb free=242591Kb
 bounds [0x00000000027a0000, 0x0000000002ac0000, 0x00000000117a0000]
 total_blobs=432 nmethods=165 adapters=177
 compilation: enabled

Compilation events (10 events):
Event: 3.951 Thread 0x0000000027727000 nmethod 160 0x0000000002ab6110 code [0x0000000002ab6260, 0x0000000002ab6370]
Event: 3.951 Thread 0x0000000027728000 nmethod 161 0x0000000002ab63d0 code [0x0000000002ab6540, 0x0000000002ab6808]
Event: 4.078 Thread 0x0000000027727000  162       1       gnu.io.RXTXPort::access$1300 (5 bytes)
Event: 4.078 Thread 0x0000000027727000 nmethod 162 0x0000000002ab6910 code [0x0000000002ab6a60, 0x0000000002ab6b50]
Event: 4.164 Thread 0x0000000027726800  163       3       java.lang.ThreadLocal::get (38 bytes)
Event: 4.164 Thread 0x0000000027726800 nmethod 163 0x0000000002ab6bd0 code [0x0000000002ab6d60, 0x0000000002ab7118]
Event: 4.197 Thread 0x0000000027727000  165   !   3       java.io.BufferedWriter::write (117 bytes)
Event: 4.197 Thread 0x0000000027728000  164       3       java.io.Writer::write (11 bytes)
Event: 4.197 Thread 0x0000000027728000 nmethod 164 0x0000000002ab7310 code [0x0000000002ab7480, 0x0000000002ab7788]
Event: 4.197 Thread 0x0000000027727000 nmethod 165 0x0000000002ab78d0 code [0x0000000002ab7aa0, 0x0000000002ab8208]

GC Heap History (0 events):
No events

Deoptimization events (0 events):
No events

Classes redefined (0 events):
No events

Internal exceptions (8 events):
Event: 0.020 Thread 0x00000000026a3800 Exception <a 'java/lang/NoSuchMethodError': Method sun.misc.Unsafe.defineClass(Ljava/lang/String;[BII)Ljava/lang/Class; name or signature does not match> (0x0000000716007cb8) thrown at [C:\re\workspace\8-2-build-windows-amd64-cygwin\jdk8u231\13620\hotspot
Event: 0.020 Thread 0x00000000026a3800 Exception <a 'java/lang/NoSuchMethodError': Method sun.misc.Unsafe.prefetchRead(Ljava/lang/Object;J)V name or signature does not match> (0x0000000716007fa0) thrown at [C:\re\workspace\8-2-build-windows-amd64-cygwin\jdk8u231\13620\hotspot\src\share\vm\prim
Event: 0.071 Thread 0x00000000026a3800 Exception <a 'java/io/FileNotFoundException'> (0x00000007161756e0) thrown at [C:\re\workspace\8-2-build-windows-amd64-cygwin\jdk8u231\13620\hotspot\src\share\vm\prims\jni.cpp, line 710]
Event: 0.076 Thread 0x00000000026a3800 Exception <a 'java/io/FileNotFoundException'> (0x000000071618bf30) thrown at [C:\re\workspace\8-2-build-windows-amd64-cygwin\jdk8u231\13620\hotspot\src\share\vm\prims\jni.cpp, line 710]
Event: 1.003 Thread 0x0000000027652000 Exception <a 'java/security/PrivilegedActionException'> (0x0000000716fdc7a0) thrown at [C:\re\workspace\8-2-build-windows-amd64-cygwin\jdk8u231\13620\hotspot\src\share\vm\prims\jvm.cpp, line 1502]
Event: 1.003 Thread 0x0000000027652000 Exception <a 'java/security/PrivilegedActionException'> (0x0000000716fdcb98) thrown at [C:\re\workspace\8-2-build-windows-amd64-cygwin\jdk8u231\13620\hotspot\src\share\vm\prims\jvm.cpp, line 1502]
Event: 1.004 Thread 0x0000000027652000 Exception <a 'java/security/PrivilegedActionException'> (0x0000000716fe0c90) thrown at [C:\re\workspace\8-2-build-windows-amd64-cygwin\jdk8u231\13620\hotspot\src\share\vm\prims\jvm.cpp, line 1502]
Event: 1.004 Thread 0x0000000027652000 Exception <a 'java/security/PrivilegedActionException'> (0x0000000716fe1088) thrown at [C:\re\workspace\8-2-build-windows-amd64-cygwin\jdk8u231\13620\hotspot\src\share\vm\prims\jvm.cpp, line 1502]

Events (10 events):
Event: 1.006 loading class java/util/ResourceBundle$BundleReference done
Event: 1.006 loading class sun/util/resources/en/TimeZoneNames_en
Event: 1.006 loading class sun/util/resources/en/TimeZoneNames_en done
Event: 1.006 loading class java/util/LinkedHashMap$LinkedKeySet
Event: 1.006 loading class java/util/LinkedHashMap$LinkedKeySet done
Event: 1.006 loading class sun/util/locale/provider/LocaleResources$ResourceReference
Event: 1.006 loading class sun/util/locale/provider/LocaleResources$ResourceReference done
Event: 4.107 Executing VM operation: EnableBiasedLocking
Event: 4.107 Executing VM operation: EnableBiasedLocking done
Event: 5.101 Thread 0x00000000278c4000 Thread exited: 0x00000000278c4000


Dynamic libraries:
0x00007ff758f60000 - 0x00007ff758f97000 	C:\Program Files\Java\jdk1.8.0_231\bin\java.exe
0x00007fff3fa50000 - 0x00007fff3fc45000 	C:\Windows\SYSTEM32\ntdll.dll
0x00007fff3f340000 - 0x00007fff3f3fd000 	C:\Windows\System32\KERNEL32.DLL
0x00007fff3d720000 - 0x00007fff3d9e9000 	C:\Windows\System32\KERNELBASE.dll
0x00007fff3e810000 - 0x00007fff3e8bc000 	C:\Windows\System32\ADVAPI32.dll
0x00007fff3dab0000 - 0x00007fff3db4e000 	C:\Windows\System32\msvcrt.dll
0x00007fff3e8c0000 - 0x00007fff3e95b000 	C:\Windows\System32\sechost.dll
0x00007fff3db50000 - 0x00007fff3dc7a000 	C:\Windows\System32\RPCRT4.dll
0x00007fff3dc80000 - 0x00007fff3de20000 	C:\Windows\System32\USER32.dll
0x00007fff3d9f0000 - 0x00007fff3da12000 	C:\Windows\System32\win32u.dll
0x00007fff3f180000 - 0x00007fff3f1aa000 	C:\Windows\System32\GDI32.dll
0x00007fff3d330000 - 0x00007fff3d43b000 	C:\Windows\System32\gdi32full.dll
0x00007fff3d440000 - 0x00007fff3d4dd000 	C:\Windows\System32\msvcp_win.dll
0x00007fff3d620000 - 0x00007fff3d720000 	C:\Windows\System32\ucrtbase.dll
0x00007fff27fa0000 - 0x00007fff2823a000 	C:\Windows\WinSxS\amd64_microsoft.windows.common-controls_6595b64144ccf1df_6.0.19041.1110_none_60b5254171f9507e\COMCTL32.dll
0x00007fff3f530000 - 0x00007fff3f560000 	C:\Windows\System32\IMM32.DLL
0x000000006d800000 - 0x000000006d8d2000 	C:\Program Files\Java\jdk1.8.0_231\jre\bin\msvcr100.dll
0x000000006bb20000 - 0x000000006c3c6000 	C:\Program Files\Java\jdk1.8.0_231\jre\bin\server\jvm.dll
0x00007fff3f0b0000 - 0x00007fff3f0b8000 	C:\Windows\System32\PSAPI.DLL
0x00007fff36800000 - 0x00007fff3680a000 	C:\Windows\SYSTEM32\VERSION.dll
0x00007fff34ca0000 - 0x00007fff34ca9000 	C:\Windows\SYSTEM32\WSOCK32.dll
0x00007fff31d70000 - 0x00007fff31d97000 	C:\Windows\SYSTEM32\WINMM.dll
0x00007fff3df90000 - 0x00007fff3dffb000 	C:\Windows\System32\WS2_32.dll
0x00007fff35430000 - 0x00007fff3543f000 	C:\Program Files\Java\jdk1.8.0_231\jre\bin\verify.dll
0x00007fff08b30000 - 0x00007fff08b59000 	C:\Program Files\Java\jdk1.8.0_231\jre\bin\java.dll
0x00007fff08a80000 - 0x00007fff08aa3000 	C:\Program Files\Java\jdk1.8.0_231\jre\bin\instrument.dll
0x00007fff08b10000 - 0x00007fff08b26000 	C:\Program Files\Java\jdk1.8.0_231\jre\bin\zip.dll
0x00007fff3e960000 - 0x00007fff3f09f000 	C:\Windows\System32\SHELL32.dll
0x00007fff3b270000 - 0x00007fff3ba00000 	C:\Windows\SYSTEM32\windows.storage.dll
0x00007fff3e130000 - 0x00007fff3e485000 	C:\Windows\System32\combase.dll
0x00007fff3cb00000 - 0x00007fff3cb2c000 	C:\Windows\SYSTEM32\Wldp.dll
0x00007fff3e640000 - 0x00007fff3e6ee000 	C:\Windows\System32\SHCORE.dll
0x00007fff3e0d0000 - 0x00007fff3e125000 	C:\Windows\System32\shlwapi.dll
0x00007fff3d0c0000 - 0x00007fff3d0df000 	C:\Windows\SYSTEM32\profapi.dll
0x00007fff09090000 - 0x00007fff090aa000 	C:\Program Files\JetBrains\IntelliJ IDEA Community Edition 2021.2\bin\breakgen64.dll
0x00007fff07f00000 - 0x00007fff07f1a000 	C:\Program Files\Java\jdk1.8.0_231\jre\bin\net.dll
0x00007fff3c8e0000 - 0x00007fff3c94a000 	C:\Windows\system32\mswsock.dll
0x0000000180000000 - 0x0000000180025000 	C:\Program Files\Java\jdk1.8.0_231\jre\bin\rxtxSerial.dll
0x00007fff23a10000 - 0x00007fff23bf4000 	C:\Windows\SYSTEM32\dbghelp.dll
0x00007fff3d590000 - 0x00007fff3d613000 	C:\Windows\System32\bcryptPrimitives.dll

VM Arguments:
jvm_args: -Djava.library.path=C:\Users\Atlas\IdeaProjects\CONFIGURATOR\lib -javaagent:C:\Program Files\JetBrains\IntelliJ IDEA Community Edition 2021.2\lib\idea_rt.jar=1373:C:\Program Files\JetBrains\IntelliJ IDEA Community Edition 2021.2\bin -Dfile.encoding=UTF-8 
java_command: com.atlas.Main
java_class_path (initial): C:\Program Files\Java\jdk1.8.0_231\jre\lib\charsets.jar;C:\Program Files\Java\jdk1.8.0_231\jre\lib\deploy.jar;C:\Program Files\Java\jdk1.8.0_231\jre\lib\ext\access-bridge-64.jar;C:\Program Files\Java\jdk1.8.0_231\jre\lib\ext\cldrdata.jar;C:\Program Files\Java\jdk1.8.0_231\jre\lib\ext\dnsns.jar;C:\Program Files\Java\jdk1.8.0_231\jre\lib\ext\jaccess.jar;C:\Program Files\Java\jdk1.8.0_231\jre\lib\ext\jfxrt.jar;C:\Program Files\Java\jdk1.8.0_231\jre\lib\ext\localedata.jar;C:\Program Files\Java\jdk1.8.0_231\jre\lib\ext\nashorn.jar;C:\Program Files\Java\jdk1.8.0_231\jre\lib\ext\sunec.jar;C:\Program Files\Java\jdk1.8.0_231\jre\lib\ext\sunjce_provider.jar;C:\Program Files\Java\jdk1.8.0_231\jre\lib\ext\sunmscapi.jar;C:\Program Files\Java\jdk1.8.0_231\jre\lib\ext\sunpkcs11.jar;C:\Program Files\Java\jdk1.8.0_231\jre\lib\ext\zipfs.jar;C:\Program Files\Java\jdk1.8.0_231\jre\lib\javaws.jar;C:\Program Files\Java\jdk1.8.0_231\jre\lib\jce.jar;C:\Program Files\Java\jdk1.8.0_231\jre\lib\jfr.jar;C:\Program Files\Java\jdk1.8.0_231\jre\lib\jfxswt.jar;C:\Program Files\Java\jdk1.8.0_231\jre\lib\jsse.jar;C:\Program Files\Java\jdk1.8.0_231\jre\lib\management-agent.jar;C:\Program Files\Java\jdk1.8.0_231\jre\lib\plugin.jar;C:\Program Files\Java\jdk1.8.0_231\jre\lib\resources.jar;C:\Program Files\Java\jdk1.8.0_231\jre\lib\rt.jar;C:\Users\Atlas\IdeaProjects\VMBase\lib\commons-configuration2-2.6;C:\Users\Atlas\IdeaProjects\VMBase\lib\commons-configuration2-2.6\commons-configuration2-2.6-sources.jar;C:\Users\Atlas\IdeaProjects\VMBase\lib\commons-configuration2-2.6\commons-configuration2-2.6.jar;C:\Program Files\Java\jdk1.8.0_231\lib\visualvm;C:\Users\Atlas\IdeaProjects\CONFIGURATOR\out\production\CONFIGURATOR;C:\Users\Atlas\IdeaProjects\CONFIGURATOR\lib\RXTXcomm.jar;C:\Program Files\JetBrains\IntelliJ IDEA Community Edition 2021.2\lib\idea_rt.jar
Launcher Type: SUN_STANDARD

Environment Variables:
JAVA_HOME=C:\Program Files\Java\jdk-12.0.1\
JRE_HOME=C:\Program Files (x86)\Java\jre1.8.0_211
CLASSPATH=%JAVA_HOME%\bin%JRE_HOME%\binC:\Users\Atlas\IdeaProjects\webapp\lib\apache-tomcat-9.0.21\lib
PATH=C:\Python39\Scripts\;C:\Python39\;C:\Program Files (x86)\Common Files\Oracle\Java\javapath;C:\Windows\system32;C:\Windows;C:\Windows\System32\Wbem;C:\Windows\System32\WindowsPowerShell\v1.0\;C:\Program Files (x86)\NVIDIA Corporation\PhysX\Common;C:\WINDOWS\system32;C:\WINDOWS;C:\WINDOWS\System32\Wbem;C:\WINDOWS\System32\WindowsPowerShell\v1.0\;C:\WINDOWS\System32\OpenSSH\;C:\Program Files\Java\jdk-11.0.2\bin;C:\Program Files\%M2_HOME%\bin;C:\Users\Atlas\AppData\Local\Programs\Python\Python37;C:\Users\Atlas\AppData\Local\Programs\Python\Python37\scripts;C:\Program Files\Git\cmd;C:\Program Files\PuTTY\;C:\WINDOWS\system32;C:\WINDOWS;C:\WINDOWS\System32\Wbem;C:\WINDOWS\System32\WindowsPowerShell\v1.0\;C:\WINDOWS\System32\OpenSSH\;C:\Program Files\nodejs\;C:\ProgramData\chocolatey\bin;;C:\Program Files\NVIDIA Corporation\NVIDIA NvDLISR;C:\Program Files\dotnet\;C:\Users\Atlas\AppData\Local\Microsoft\WindowsApps;C:\Program Files\apache-maven-3.6.0\bin;A:\Program Files (x86)\IntelliJ IDEA Community Edition 2019.3.1\bin;C:\Program Files (x86)\Nmap;C:\Users\Atlas\AppData\Local\Microsoft\WindowsApps;C:\Users\Atlas\AppData\Roaming\npm;C:\Program Files\JetBrains\IntelliJ IDEA Community Edition 2021.2\bin;;C:\Users\Atlas\.dotnet\tools
USERNAME=Atlas
OS=Windows_NT
PROCESSOR_IDENTIFIER=Intel64 Family 6 Model 167 Stepping 1, GenuineIntel



---------------  S Y S T E M  ---------------

OS: Windows 10.0 , 64 bit Build 19041 (10.0.19041.1151)

CPU:total 16 (initial active 16) (8 cores per cpu, 2 threads per core) family 6 model 167 stepping 1, cmov, cx8, fxsr, mmx, sse, sse2, sse3, ssse3, sse4.1, sse4.2, popcnt, avx, avx2, aes, clmul, erms, 3dnowpref, lzcnt, ht, tsc, tscinvbit, bmi1, bmi2, adx

Memory: 4k page, physical 33416828k(21847788k free), swap 38397564k(19714516k free)

vm_info: Java HotSpot(TM) 64-Bit Server VM (25.231-b11) for windows-amd64 JRE (1.8.0_231-b11), built on Oct  5 2019 03:11:30 by "java_re" with MS VC++ 10.0 (VS2010)

time: Mon Sep 06 15:32:24 2021
timezone: GMT Summer Time
elapsed time: 5 seconds (0d 0h 0m 5s)

